<?xml version="1.0" encoding="UTF-8"?>
<testsuite name="_1Dates.TestTask4" tests="2" skipped="0" failures="0" errors="0" timestamp="2016-10-10T04:08:58" hostname="ASUS" time="0.021">
  <properties/>
  <testcase name="testIterateOverDateRange" classname="_1Dates.TestTask4" time="0.02"/>
  <testcase name="testIterateOverEmptyRange" classname="_1Dates.TestTask4" time="0.0"/>
  <system-out><![CDATA[]]></system-out>
  <system-err><![CDATA[]]></system-err>
</testsuite>
