<?xml version="1.0" encoding="UTF-8"?>
<testsuite name="_2Board.TestGameBoard" tests="5" skipped="0" failures="0" errors="0" timestamp="2016-10-10T04:08:58" hostname="ASUS" time="0.011">
  <properties/>
  <testcase name="testAll" classname="_2Board.TestGameBoard" time="0.008"/>
  <testcase name="testAny" classname="_2Board.TestGameBoard" time="0.002"/>
  <testcase name="testContainsValue" classname="_2Board.TestGameBoard" time="0.0"/>
  <testcase name="testGetAndSetElement" classname="_2Board.TestGameBoard" time="0.0"/>
  <testcase name="testFilter" classname="_2Board.TestGameBoard" time="0.0"/>
  <system-out><![CDATA[]]></system-out>
  <system-err><![CDATA[]]></system-err>
</testsuite>
