<?xml version="1.0" encoding="UTF-8"?>
<testsuite name="_1Dates.TestTask1" tests="3" skipped="0" failures="0" errors="0" timestamp="2016-10-10T04:08:58" hostname="ASUS" time="0.003">
  <properties/>
  <testcase name="testAfter" classname="_1Dates.TestTask1" time="0.002"/>
  <testcase name="testDateComparison" classname="_1Dates.TestTask1" time="0.001"/>
  <testcase name="testBefore" classname="_1Dates.TestTask1" time="0.0"/>
  <system-out><![CDATA[]]></system-out>
  <system-err><![CDATA[]]></system-err>
</testsuite>
