<?xml version="1.0" encoding="UTF-8"?>
<testsuite name="_2StateMachine.TestTask2" tests="6" skipped="0" failures="0" errors="0" timestamp="2016-11-14T06:05:12" hostname="ASUS" time="0.045">
  <properties/>
  <testcase name="testResetEvents" classname="_2StateMachine.TestTask2" time="0.043"/>
  <testcase name="testIncorrectEvents" classname="_2StateMachine.TestTask2" time="0.001"/>
  <testcase name="testFullCycle" classname="_2StateMachine.TestTask2" time="0.0"/>
  <testcase name="testUnlockedPanel" classname="_2StateMachine.TestTask2" time="0.0"/>
  <testcase name="testOneTransition" classname="_2StateMachine.TestTask2" time="0.0"/>
  <testcase name="testResetEventsWithCommands" classname="_2StateMachine.TestTask2" time="0.0"/>
  <system-out><![CDATA[]]></system-out>
  <system-err><![CDATA[]]></system-err>
</testsuite>
