<?xml version="1.0" encoding="UTF-8"?>
<testsuite name="_2StateMachine.TestSample" tests="6" skipped="0" failures="0" errors="0" timestamp="2016-11-14T06:05:11" hostname="ASUS" time="0.039">
  <properties/>
  <testcase name="testResetEvents" classname="_2StateMachine.TestSample" time="0.038"/>
  <testcase name="testIncorrectEvents" classname="_2StateMachine.TestSample" time="0.0"/>
  <testcase name="testFullCycle" classname="_2StateMachine.TestSample" time="0.0"/>
  <testcase name="testUnlockedPanel" classname="_2StateMachine.TestSample" time="0.0"/>
  <testcase name="testOneTransition" classname="_2StateMachine.TestSample" time="0.0"/>
  <testcase name="testResetEventsWithCommands" classname="_2StateMachine.TestSample" time="0.0"/>
  <system-out><![CDATA[]]></system-out>
  <system-err><![CDATA[]]></system-err>
</testsuite>
