<?xml version="1.0" encoding="UTF-8"?>
<testsuite name="_2StateMachine.moreTestsForTask2.TestDifferentStateMachines" tests="5" skipped="0" failures="0" errors="0" timestamp="2016-11-14T06:05:11" hostname="ASUS" time="0.17">
  <properties/>
  <testcase name="testStateMachine1" classname="_2StateMachine.moreTestsForTask2.TestDifferentStateMachines" time="0.124"/>
  <testcase name="testStateMachine2" classname="_2StateMachine.moreTestsForTask2.TestDifferentStateMachines" time="0.029"/>
  <testcase name="testStateMachine3_1" classname="_2StateMachine.moreTestsForTask2.TestDifferentStateMachines" time="0.016"/>
  <testcase name="testStateMachine3_2" classname="_2StateMachine.moreTestsForTask2.TestDifferentStateMachines" time="0.001"/>
  <testcase name="testStateMachine3_3" classname="_2StateMachine.moreTestsForTask2.TestDifferentStateMachines" time="0.0"/>
  <system-out><![CDATA[]]></system-out>
  <system-err><![CDATA[]]></system-err>
</testsuite>
